Nov 08, 2023 5:17:07 PM registry.Logging logging
INFO: New service registered: test localhost:8000
Dec 06, 2024 9:47:03 PM registry.Logging logging
INFO: New service registered: test localhost:8000
Dec 07, 2024 1:49:25 AM registry.Logging logging
INFO: New service registered: test localhost:8000
Dec 07, 2024 1:57:45 AM registry.Logging logging
INFO: New service registered: test localhost:8000
Dec 07, 2024 2:04:07 AM registry.Logging logging
INFO: New service registered: test localhost:8000
Dec 07, 2024 2:08:47 AM registry.Logging logging
INFO: New service registered: test localhost:8000
Dec 07, 2024 2:12:04 AM registry.Logging logging
INFO: New service registered: test localhost:8000
Dec 07, 2024 2:15:32 AM registry.Logging logging
INFO: New service registered: test localhost:8000
Dec 07, 2024 2:32:11 AM registry.Logging logging
INFO: New service registered: test localhost:8000
Dec 07, 2024 3:21:23 AM registry.Logging logging
INFO: New service registered: test localhost:8000
Dec 07, 2024 4:05:49 AM registry.Logging logging
INFO: New service registered: test localhost:8000
Dec 07, 2024 5:41:32 AM registry.Logging logging
INFO: New service registered: test localhost:8000
Dec 07, 2024 7:29:11 AM registry.Logging logging
INFO: New service registered: test localhost:8000
